TRACE::2022-08-31.17:16:36::SCWBifWriter::Found the complete platform C:/Users/Admin/Desktop/Zynq7010_eink_controller/controller/Eink_controller_V1.0/Eink_controller_V1.0.vitis/ps_system/export/ps_system/ps_system.xpfm
TRACE::2022-08-31.17:16:36::SCWBifWriter::hardware databse : eink_controller_ed108
TRACE::2022-08-31.17:16:36::SCWBifWriter::bitstream found in the design
TRACE::2022-08-31.17:16:36::SCWBifWriter::Found a baremetal domain, proc: ps7_cortexa9_0
TRACE::2022-08-31.17:16:36::SCWBifWriter::proc type : 
TRACE::2022-08-31.17:16:36::SCWBifWriter::proc[0] : ps7_cortexa9_0
TRACE::2022-08-31.17:16:36::SCWBifWriter::Device type is : zynq
TRACE::2022-08-31.17:16:36::SCWBifWriter::Writing BIF to file : C:/Users/Admin/Desktop/Zynq7010_eink_controller/controller/Eink_controller_V1.0/Eink_controller_V1.0.vitis/FSBL_system/Debug/system.bif
TRACE::2022-08-31.17:16:36::SCWBifWriter::Writing the Zynq Baremetal bif 
TRACE::2022-09-04.10:54:19::SCWBifWriter::Found the complete platform C:/Users/Admin/Desktop/Zynq7010_eink_controller/controller/Eink_controller_V1.0/Eink_controller_V1.0.vitis/ps_system/export/ps_system/ps_system.xpfm
TRACE::2022-09-04.10:54:19::SCWBifWriter::hardware databse : eink_controller_ed017_1
TRACE::2022-09-04.10:54:19::SCWBifWriter::bitstream found in the design
TRACE::2022-09-04.10:54:19::SCWBifWriter::Found a baremetal domain, proc: ps7_cortexa9_0
TRACE::2022-09-04.10:54:19::SCWBifWriter::proc type : 
TRACE::2022-09-04.10:54:19::SCWBifWriter::proc[0] : ps7_cortexa9_0
TRACE::2022-09-04.10:54:19::SCWBifWriter::Device type is : zynq
TRACE::2022-09-04.10:54:19::SCWBifWriter::Writing BIF to file : C:/Users/Admin/Desktop/Zynq7010_eink_controller/controller/Eink_controller_V1.0/Eink_controller_V1.0.vitis/FSBL_system/Debug/system.bif
TRACE::2022-09-04.10:54:19::SCWBifWriter::Writing the Zynq Baremetal bif 
TRACE::2022-09-10.12:04:56::SCWBifWriter::Found the complete platform C:/Users/Admin/Desktop/Zynq7010_eink_controller/controller/Eink_controller_V1.0/Eink_controller_V1.0.vitis/ps_system/export/ps_system/ps_system.xpfm
TRACE::2022-09-10.12:04:56::SCWBifWriter::hardware databse : eink_controller_ed017
TRACE::2022-09-10.12:04:56::SCWBifWriter::bitstream found in the design
TRACE::2022-09-10.12:04:56::SCWBifWriter::Found a baremetal domain, proc: ps7_cortexa9_0
TRACE::2022-09-10.12:04:56::SCWBifWriter::proc type : 
TRACE::2022-09-10.12:04:56::SCWBifWriter::proc[0] : ps7_cortexa9_0
TRACE::2022-09-10.12:04:56::SCWBifWriter::Device type is : zynq
TRACE::2022-09-10.12:04:56::SCWBifWriter::Writing BIF to file : C:/Users/Admin/Desktop/Zynq7010_eink_controller/controller/Eink_controller_V1.0/Eink_controller_V1.0.vitis/FSBL_system/Debug/system.bif
TRACE::2022-09-10.12:04:56::SCWBifWriter::Writing the Zynq Baremetal bif 
TRACE::2022-09-10.12:32:47::SCWBifWriter::Found the complete platform C:/Users/Admin/Desktop/Zynq7010_eink_controller/controller/Eink_controller_V1.0/Eink_controller_V1.0.vitis/ps_system/export/ps_system/ps_system.xpfm
TRACE::2022-09-10.12:32:48::SCWBifWriter::hardware databse : eink_controller_ebaz4205_1
TRACE::2022-09-10.12:32:48::SCWBifWriter::bitstream found in the design
TRACE::2022-09-10.12:32:48::SCWBifWriter::Found a baremetal domain, proc: ps7_cortexa9_0
TRACE::2022-09-10.12:32:48::SCWBifWriter::proc type : 
TRACE::2022-09-10.12:32:48::SCWBifWriter::proc[0] : ps7_cortexa9_0
TRACE::2022-09-10.12:32:48::SCWBifWriter::Device type is : zynq
TRACE::2022-09-10.12:32:48::SCWBifWriter::Writing BIF to file : C:/Users/Admin/Desktop/Zynq7010_eink_controller/controller/Eink_controller_V1.0/Eink_controller_V1.0.vitis/FSBL_system/Debug/system.bif
TRACE::2022-09-10.12:32:48::SCWBifWriter::Writing the Zynq Baremetal bif 
TRACE::2022-09-11.00:40:10::SCWBifWriter::Found the complete platform C:/Users/Admin/Desktop/Zynq7010_eink_controller/controller/Eink_controller_V1.0/Eink_controller_V1.0.vitis/ps_system/export/ps_system/ps_system.xpfm
TRACE::2022-09-11.00:40:10::SCWBifWriter::hardware databse : eink_controller_et073_5
TRACE::2022-09-11.00:40:10::SCWBifWriter::bitstream found in the design
TRACE::2022-09-11.00:40:10::SCWBifWriter::Found a baremetal domain, proc: ps7_cortexa9_0
TRACE::2022-09-11.00:40:10::SCWBifWriter::proc type : 
TRACE::2022-09-11.00:40:10::SCWBifWriter::proc[0] : ps7_cortexa9_0
TRACE::2022-09-11.00:40:10::SCWBifWriter::Device type is : zynq
TRACE::2022-09-11.00:40:10::SCWBifWriter::Writing BIF to file : C:/Users/Admin/Desktop/Zynq7010_eink_controller/controller/Eink_controller_V1.0/Eink_controller_V1.0.vitis/FSBL_system/Debug/system.bif
TRACE::2022-09-11.00:40:10::SCWBifWriter::Writing the Zynq Baremetal bif 
TRACE::2022-09-11.22:34:27::SCWBifWriter::Found the complete platform C:/Users/Admin/Desktop/Zynq7010_eink_controller/controller/Eink_controller_V1.0/Eink_controller_V1.0.vitis/ps_system/export/ps_system/ps_system.xpfm
TRACE::2022-09-11.22:34:27::SCWBifWriter::hardware databse : eink_controller_et073_5
TRACE::2022-09-11.22:34:27::SCWBifWriter::bitstream found in the design
TRACE::2022-09-11.22:34:27::SCWBifWriter::Found a baremetal domain, proc: ps7_cortexa9_0
TRACE::2022-09-11.22:34:27::SCWBifWriter::proc type : 
TRACE::2022-09-11.22:34:27::SCWBifWriter::proc[0] : ps7_cortexa9_0
TRACE::2022-09-11.22:34:27::SCWBifWriter::Device type is : zynq
TRACE::2022-09-11.22:34:27::SCWBifWriter::Writing BIF to file : C:/Users/Admin/Desktop/Zynq7010_eink_controller/controller/Eink_controller_V1.0/Eink_controller_V1.0.vitis/FSBL_system/Debug/system.bif
TRACE::2022-09-11.22:34:27::SCWBifWriter::Writing the Zynq Baremetal bif 
