17:08:37 **** Build of configuration Debug for project Eink_controller_FSBL ****
make all 
make --no-print-directory pre-build
a9-linaro-pre-build-step
' '
make --no-print-directory main-build
'Building file: ../src/fsbl_handoff.S'
'Invoking: ARM v7 gcc compiler'
arm-none-eabi-gcc -Wall -O0 -g3 -c -fmessage-length=0 -MT"src/fsbl_handoff.o" -mcpu=cortex-a9 -mfpu=vfpv3 -mfloat-abi=hard -IC:/Users/Admin/Desktop/Zynq7010_eink_controller/controller/Eink_controller_V1.0/Eink_controller_V1.0.vitis/eink_controller_ed108/export/eink_controller_ed108/sw/eink_controller_ed108/standalone_ps7_cortexa9_0/bspinclude/include -MMD -MP -MF"src/fsbl_handoff.d" -MT"src/fsbl_handoff.o" -o "src/fsbl_handoff.o" "../src/fsbl_handoff.S"
'Finished building: ../src/fsbl_handoff.S'
' '
'Building file: ../src/fsbl_hooks.c'
'Invoking: ARM v7 gcc compiler'
arm-none-eabi-gcc -Wall -O0 -g3 -c -fmessage-length=0 -MT"src/fsbl_hooks.o" -mcpu=cortex-a9 -mfpu=vfpv3 -mfloat-abi=hard -IC:/Users/Admin/Desktop/Zynq7010_eink_controller/controller/Eink_controller_V1.0/Eink_controller_V1.0.vitis/eink_controller_ed108/export/eink_controller_ed108/sw/eink_controller_ed108/standalone_ps7_cortexa9_0/bspinclude/include -MMD -MP -MF"src/fsbl_hooks.d" -MT"src/fsbl_hooks.o" -o "src/fsbl_hooks.o" "../src/fsbl_hooks.c"
In file included from ../src/fsbl_hooks.c:28:
../src/fsbl.h:298:10: fatal error: xil_io.h: No such file or directory
  298 | #include "xil_io.h"
      |          ^~~~~~~~~~
compilation terminated.
make[1]: *** [src/subdir.mk:67: src/fsbl_hooks.o] Error 1
make: *** [makefile:34: all] Error 2

17:08:40 Build Finished (took 3s.208ms)

