17:41:50 INFO  : Launching XSCT server: xsct.bat -n  -interactive C:\Users\Admin\Desktop\open\Zynq7010_eink_controller-master\controller\Eink_controller_V1.0\Eink_controller_V1.0.vitis\temp_xsdb_launch_script.tcl
17:41:51 INFO  : Registering command handlers for Vitis TCF services
17:41:56 INFO  : Platform repository initialization has completed.
17:41:56 INFO  : XSCT server has started successfully.
17:41:56 INFO  : plnx-install-location is set to ''
17:41:56 INFO  : Successfully done setting XSCT server connection channel  
17:41:57 INFO  : Successfully done setting workspace for the tool. 
17:41:57 INFO  : Successfully done query RDI_DATADIR 
17:42:41 INFO  : Launching XSCT server: xsct.bat -n  -interactive C:\Users\Admin\Desktop\open\Zynq7010_eink_controller\controller\Eink_controller_V1.0\Eink_controller_V1.0.vitis\temp_xsdb_launch_script.tcl
17:42:42 INFO  : Registering command handlers for Vitis TCF services
17:42:44 INFO  : XSCT server has started successfully.
17:42:44 INFO  : Successfully done setting XSCT server connection channel  
17:42:44 INFO  : plnx-install-location is set to ''
17:42:45 INFO  : Successfully done setting workspace for the tool. 
17:42:45 INFO  : Successfully done query RDI_DATADIR 
17:42:45 INFO  : Platform repository initialization has completed.
17:43:29 INFO  : Result from executing command 'getProjects': Demo
17:43:29 INFO  : Result from executing command 'getPlatforms': 
17:46:36 INFO  : Result from executing command 'getProjects': Demo
17:46:36 INFO  : Result from executing command 'getPlatforms': Demo|C:/Users/Admin/Desktop/open/Zynq7010_eink_controller/controller/Eink_controller_V1.0/Eink_controller_V1.0.vitis/Demo/export/Demo/Demo.xpfm
17:46:37 INFO  : Checking for BSP changes to sync application flags for project 'frame_buffer'...
17:47:01 INFO  : Connected to target on host '127.0.0.1' and port '3121'.
17:47:02 INFO  : Jtag cable 'Digilent PYNQ 235179734731A' is selected.
17:47:02 INFO  : 'jtag frequency' command is executed.
17:47:02 INFO  : Context for 'APU' is selected.
17:47:02 INFO  : System reset is completed.
17:47:05 INFO  : 'after 3000' command is executed.
17:47:05 INFO  : 'targets -set -filter {jtag_cable_name =~ "Digilent PYNQ 235179734731A" && level==0 && jtag_device_ctx=="jsn-PYNQ-235179734731A-13722093-0"}' command is executed.
17:47:06 INFO  : Device configured successfully with "C:/Users/Admin/Desktop/open/Zynq7010_eink_controller/controller/Eink_controller_V1.0/Eink_controller_V1.0.vitis/frame_buffer/_ide/bitstream/eink_controller_es108fc1.bit"
17:47:06 INFO  : Context for 'APU' is selected.
17:47:06 INFO  : Hardware design and registers information is loaded from 'C:/Users/Admin/Desktop/open/Zynq7010_eink_controller/controller/Eink_controller_V1.0/Eink_controller_V1.0.vitis/Demo/export/Demo/hw/eink_controller_es108fc1.xsa'.
17:47:06 INFO  : 'configparams force-mem-access 1' command is executed.
17:47:06 INFO  : Context for 'APU' is selected.
17:47:06 INFO  : Sourcing of 'C:/Users/Admin/Desktop/open/Zynq7010_eink_controller/controller/Eink_controller_V1.0/Eink_controller_V1.0.vitis/frame_buffer/_ide/psinit/ps7_init.tcl' is done.
17:47:07 INFO  : 'ps7_init' command is executed.
17:47:07 INFO  : 'ps7_post_config' command is executed.
17:47:07 INFO  : Context for processor 'ps7_cortexa9_0' is selected.
17:47:07 INFO  : The application 'C:/Users/Admin/Desktop/open/Zynq7010_eink_controller/controller/Eink_controller_V1.0/Eink_controller_V1.0.vitis/frame_buffer/Debug/frame_buffer.elf' is downloaded to processor 'ps7_cortexa9_0'.
17:47:07 INFO  : 'configparams force-mem-access 0' command is executed.
17:47:07 INFO  : ----------------XSDB Script----------------
connect -url tcp:127.0.0.1:3121
targets -set -nocase -filter {name =~"APU*"}
rst -system
after 3000
targets -set -filter {jtag_cable_name =~ "Digilent PYNQ 235179734731A" && level==0 && jtag_device_ctx=="jsn-PYNQ-235179734731A-13722093-0"}
fpga -file C:/Users/Admin/Desktop/open/Zynq7010_eink_controller/controller/Eink_controller_V1.0/Eink_controller_V1.0.vitis/frame_buffer/_ide/bitstream/eink_controller_es108fc1.bit
targets -set -nocase -filter {name =~"APU*"}
loadhw -hw C:/Users/Admin/Desktop/open/Zynq7010_eink_controller/controller/Eink_controller_V1.0/Eink_controller_V1.0.vitis/Demo/export/Demo/hw/eink_controller_es108fc1.xsa -mem-ranges [list {0x40000000 0xbfffffff}] -regs
configparams force-mem-access 1
targets -set -nocase -filter {name =~"APU*"}
source C:/Users/Admin/Desktop/open/Zynq7010_eink_controller/controller/Eink_controller_V1.0/Eink_controller_V1.0.vitis/frame_buffer/_ide/psinit/ps7_init.tcl
ps7_init
ps7_post_config
targets -set -nocase -filter {name =~ "*A9*#0"}
dow C:/Users/Admin/Desktop/open/Zynq7010_eink_controller/controller/Eink_controller_V1.0/Eink_controller_V1.0.vitis/frame_buffer/Debug/frame_buffer.elf
configparams force-mem-access 0
----------------End of Script----------------

17:47:07 INFO  : Context for processor 'ps7_cortexa9_0' is selected.
17:47:07 INFO  : 'con' command is executed.
17:47:07 INFO  : ----------------XSDB Script (After Launch)----------------
targets -set -nocase -filter {name =~ "*A9*#0"}
con
----------------End of Script----------------

17:47:07 INFO  : Launch script is exported to file 'C:\Users\Admin\Desktop\open\Zynq7010_eink_controller\controller\Eink_controller_V1.0\Eink_controller_V1.0.vitis\frame_buffer_system\_ide\scripts\systemdebugger_frame_buffer_system_standalone.tcl'
17:47:33 INFO  : Checking for BSP changes to sync application flags for project 'frame_buffer'...
17:48:15 INFO  : Checking for BSP changes to sync application flags for project 'frame_buffer'...
17:48:28 INFO  : Disconnected from the channel tcfchan#2.
17:48:28 INFO  : Connected to target on host '127.0.0.1' and port '3121'.
17:48:28 INFO  : Jtag cable 'Digilent PYNQ 235179734731A' is selected.
17:48:28 INFO  : 'jtag frequency' command is executed.
17:48:28 INFO  : Context for 'APU' is selected.
17:48:28 INFO  : System reset is completed.
17:48:31 INFO  : 'after 3000' command is executed.
17:48:31 INFO  : 'targets -set -filter {jtag_cable_name =~ "Digilent PYNQ 235179734731A" && level==0 && jtag_device_ctx=="jsn-PYNQ-235179734731A-13722093-0"}' command is executed.
17:48:32 INFO  : Device configured successfully with "C:/Users/Admin/Desktop/open/Zynq7010_eink_controller/controller/Eink_controller_V1.0/Eink_controller_V1.0.vitis/frame_buffer/_ide/bitstream/eink_controller_es108fc1.bit"
17:48:32 INFO  : Context for 'APU' is selected.
17:48:32 INFO  : Hardware design and registers information is loaded from 'C:/Users/Admin/Desktop/open/Zynq7010_eink_controller/controller/Eink_controller_V1.0/Eink_controller_V1.0.vitis/Demo/export/Demo/hw/eink_controller_es108fc1.xsa'.
17:48:32 INFO  : 'configparams force-mem-access 1' command is executed.
17:48:32 INFO  : Context for 'APU' is selected.
17:48:32 INFO  : Sourcing of 'C:/Users/Admin/Desktop/open/Zynq7010_eink_controller/controller/Eink_controller_V1.0/Eink_controller_V1.0.vitis/frame_buffer/_ide/psinit/ps7_init.tcl' is done.
17:48:33 INFO  : 'ps7_init' command is executed.
17:48:33 INFO  : 'ps7_post_config' command is executed.
17:48:33 INFO  : Context for processor 'ps7_cortexa9_0' is selected.
17:48:41 INFO  : The application 'C:/Users/Admin/Desktop/open/Zynq7010_eink_controller/controller/Eink_controller_V1.0/Eink_controller_V1.0.vitis/frame_buffer/Debug/frame_buffer.elf' is downloaded to processor 'ps7_cortexa9_0'.
17:48:41 INFO  : 'configparams force-mem-access 0' command is executed.
17:48:41 INFO  : ----------------XSDB Script----------------
connect -url tcp:127.0.0.1:3121
targets -set -nocase -filter {name =~"APU*"}
rst -system
after 3000
targets -set -filter {jtag_cable_name =~ "Digilent PYNQ 235179734731A" && level==0 && jtag_device_ctx=="jsn-PYNQ-235179734731A-13722093-0"}
fpga -file C:/Users/Admin/Desktop/open/Zynq7010_eink_controller/controller/Eink_controller_V1.0/Eink_controller_V1.0.vitis/frame_buffer/_ide/bitstream/eink_controller_es108fc1.bit
targets -set -nocase -filter {name =~"APU*"}
loadhw -hw C:/Users/Admin/Desktop/open/Zynq7010_eink_controller/controller/Eink_controller_V1.0/Eink_controller_V1.0.vitis/Demo/export/Demo/hw/eink_controller_es108fc1.xsa -mem-ranges [list {0x40000000 0xbfffffff}] -regs
configparams force-mem-access 1
targets -set -nocase -filter {name =~"APU*"}
source C:/Users/Admin/Desktop/open/Zynq7010_eink_controller/controller/Eink_controller_V1.0/Eink_controller_V1.0.vitis/frame_buffer/_ide/psinit/ps7_init.tcl
ps7_init
ps7_post_config
targets -set -nocase -filter {name =~ "*A9*#0"}
dow C:/Users/Admin/Desktop/open/Zynq7010_eink_controller/controller/Eink_controller_V1.0/Eink_controller_V1.0.vitis/frame_buffer/Debug/frame_buffer.elf
configparams force-mem-access 0
----------------End of Script----------------

17:48:41 INFO  : Context for processor 'ps7_cortexa9_0' is selected.
17:48:41 INFO  : 'con' command is executed.
17:48:41 INFO  : ----------------XSDB Script (After Launch)----------------
targets -set -nocase -filter {name =~ "*A9*#0"}
con
----------------End of Script----------------

17:48:41 INFO  : Launch script is exported to file 'C:\Users\Admin\Desktop\open\Zynq7010_eink_controller\controller\Eink_controller_V1.0\Eink_controller_V1.0.vitis\frame_buffer_system\_ide\scripts\systemdebugger_frame_buffer_system_standalone.tcl'
17:48:55 INFO  : Checking for BSP changes to sync application flags for project 'frame_buffer'...
17:49:03 INFO  : Disconnected from the channel tcfchan#4.
17:49:04 INFO  : Connected to target on host '127.0.0.1' and port '3121'.
17:49:04 INFO  : Jtag cable 'Digilent PYNQ 235179734731A' is selected.
17:49:04 INFO  : 'jtag frequency' command is executed.
17:49:04 INFO  : Context for 'APU' is selected.
17:49:04 INFO  : System reset is completed.
17:49:07 INFO  : 'after 3000' command is executed.
17:49:07 INFO  : 'targets -set -filter {jtag_cable_name =~ "Digilent PYNQ 235179734731A" && level==0 && jtag_device_ctx=="jsn-PYNQ-235179734731A-13722093-0"}' command is executed.
17:49:08 INFO  : Device configured successfully with "C:/Users/Admin/Desktop/open/Zynq7010_eink_controller/controller/Eink_controller_V1.0/Eink_controller_V1.0.vitis/frame_buffer/_ide/bitstream/eink_controller_es108fc1.bit"
17:49:08 INFO  : Context for 'APU' is selected.
17:49:08 INFO  : Hardware design and registers information is loaded from 'C:/Users/Admin/Desktop/open/Zynq7010_eink_controller/controller/Eink_controller_V1.0/Eink_controller_V1.0.vitis/Demo/export/Demo/hw/eink_controller_es108fc1.xsa'.
17:49:08 INFO  : 'configparams force-mem-access 1' command is executed.
17:49:08 INFO  : Context for 'APU' is selected.
17:49:08 INFO  : Sourcing of 'C:/Users/Admin/Desktop/open/Zynq7010_eink_controller/controller/Eink_controller_V1.0/Eink_controller_V1.0.vitis/frame_buffer/_ide/psinit/ps7_init.tcl' is done.
17:49:08 INFO  : 'ps7_init' command is executed.
17:49:08 INFO  : 'ps7_post_config' command is executed.
17:49:08 INFO  : Context for processor 'ps7_cortexa9_0' is selected.
17:49:17 INFO  : The application 'C:/Users/Admin/Desktop/open/Zynq7010_eink_controller/controller/Eink_controller_V1.0/Eink_controller_V1.0.vitis/frame_buffer/Debug/frame_buffer.elf' is downloaded to processor 'ps7_cortexa9_0'.
17:49:17 INFO  : 'configparams force-mem-access 0' command is executed.
17:49:17 INFO  : ----------------XSDB Script----------------
connect -url tcp:127.0.0.1:3121
targets -set -nocase -filter {name =~"APU*"}
rst -system
after 3000
targets -set -filter {jtag_cable_name =~ "Digilent PYNQ 235179734731A" && level==0 && jtag_device_ctx=="jsn-PYNQ-235179734731A-13722093-0"}
fpga -file C:/Users/Admin/Desktop/open/Zynq7010_eink_controller/controller/Eink_controller_V1.0/Eink_controller_V1.0.vitis/frame_buffer/_ide/bitstream/eink_controller_es108fc1.bit
targets -set -nocase -filter {name =~"APU*"}
loadhw -hw C:/Users/Admin/Desktop/open/Zynq7010_eink_controller/controller/Eink_controller_V1.0/Eink_controller_V1.0.vitis/Demo/export/Demo/hw/eink_controller_es108fc1.xsa -mem-ranges [list {0x40000000 0xbfffffff}] -regs
configparams force-mem-access 1
targets -set -nocase -filter {name =~"APU*"}
source C:/Users/Admin/Desktop/open/Zynq7010_eink_controller/controller/Eink_controller_V1.0/Eink_controller_V1.0.vitis/frame_buffer/_ide/psinit/ps7_init.tcl
ps7_init
ps7_post_config
targets -set -nocase -filter {name =~ "*A9*#0"}
dow C:/Users/Admin/Desktop/open/Zynq7010_eink_controller/controller/Eink_controller_V1.0/Eink_controller_V1.0.vitis/frame_buffer/Debug/frame_buffer.elf
configparams force-mem-access 0
----------------End of Script----------------

17:49:17 INFO  : Context for processor 'ps7_cortexa9_0' is selected.
17:49:17 INFO  : 'con' command is executed.
17:49:17 INFO  : ----------------XSDB Script (After Launch)----------------
targets -set -nocase -filter {name =~ "*A9*#0"}
con
----------------End of Script----------------

17:49:17 INFO  : Launch script is exported to file 'C:\Users\Admin\Desktop\open\Zynq7010_eink_controller\controller\Eink_controller_V1.0\Eink_controller_V1.0.vitis\frame_buffer_system\_ide\scripts\systemdebugger_frame_buffer_system_standalone.tcl'
17:49:30 INFO  : Disconnected from the channel tcfchan#5.
17:50:10 INFO  : Launching XSCT server: xsct.bat -n  -interactive C:\Users\Admin\Desktop\open\Zynq7010_eink_controller\controller\Eink_controller_V1.0\Eink_controller_V1.0.vitis\temp_xsdb_launch_script.tcl
17:50:14 INFO  : XSCT server has started successfully.
17:50:14 INFO  : plnx-install-location is set to ''
17:50:14 INFO  : Successfully done setting XSCT server connection channel  
17:50:14 INFO  : Successfully done setting workspace for the tool. 
17:50:17 INFO  : Platform repository initialization has completed.
17:50:17 INFO  : Registering command handlers for Vitis TCF services
17:50:18 INFO  : Successfully done query RDI_DATADIR 
17:50:22 INFO  : Checking for BSP changes to sync application flags for project 'frame_buffer'...
17:50:41 INFO  : Checking for BSP changes to sync application flags for project 'frame_buffer'...
17:50:50 INFO  : Connected to target on host '127.0.0.1' and port '3121'.
17:50:51 INFO  : Jtag cable 'Digilent PYNQ 235179734731A' is selected.
17:50:51 INFO  : 'jtag frequency' command is executed.
17:50:51 INFO  : Context for 'APU' is selected.
17:50:51 INFO  : System reset is completed.
17:50:54 INFO  : 'after 3000' command is executed.
17:50:54 INFO  : 'targets -set -filter {jtag_cable_name =~ "Digilent PYNQ 235179734731A" && level==0 && jtag_device_ctx=="jsn-PYNQ-235179734731A-13722093-0"}' command is executed.
17:50:55 INFO  : Device configured successfully with "C:/Users/Admin/Desktop/open/Zynq7010_eink_controller/controller/Eink_controller_V1.0/Eink_controller_V1.0.vitis/frame_buffer/_ide/bitstream/eink_controller_es108fc1.bit"
17:50:55 INFO  : Context for 'APU' is selected.
17:50:55 INFO  : Hardware design and registers information is loaded from 'C:/Users/Admin/Desktop/open/Zynq7010_eink_controller/controller/Eink_controller_V1.0/Eink_controller_V1.0.vitis/Demo/export/Demo/hw/eink_controller_es108fc1.xsa'.
17:50:55 INFO  : 'configparams force-mem-access 1' command is executed.
17:50:55 INFO  : Context for 'APU' is selected.
17:50:55 INFO  : Sourcing of 'C:/Users/Admin/Desktop/open/Zynq7010_eink_controller/controller/Eink_controller_V1.0/Eink_controller_V1.0.vitis/frame_buffer/_ide/psinit/ps7_init.tcl' is done.
17:50:55 INFO  : 'ps7_init' command is executed.
17:50:55 INFO  : 'ps7_post_config' command is executed.
17:50:55 INFO  : Context for processor 'ps7_cortexa9_0' is selected.
17:51:04 INFO  : The application 'C:/Users/Admin/Desktop/open/Zynq7010_eink_controller/controller/Eink_controller_V1.0/Eink_controller_V1.0.vitis/frame_buffer/Debug/frame_buffer.elf' is downloaded to processor 'ps7_cortexa9_0'.
17:51:04 INFO  : 'configparams force-mem-access 0' command is executed.
17:51:04 INFO  : ----------------XSDB Script----------------
connect -url tcp:127.0.0.1:3121
targets -set -nocase -filter {name =~"APU*"}
rst -system
after 3000
targets -set -filter {jtag_cable_name =~ "Digilent PYNQ 235179734731A" && level==0 && jtag_device_ctx=="jsn-PYNQ-235179734731A-13722093-0"}
fpga -file C:/Users/Admin/Desktop/open/Zynq7010_eink_controller/controller/Eink_controller_V1.0/Eink_controller_V1.0.vitis/frame_buffer/_ide/bitstream/eink_controller_es108fc1.bit
targets -set -nocase -filter {name =~"APU*"}
loadhw -hw C:/Users/Admin/Desktop/open/Zynq7010_eink_controller/controller/Eink_controller_V1.0/Eink_controller_V1.0.vitis/Demo/export/Demo/hw/eink_controller_es108fc1.xsa -mem-ranges [list {0x40000000 0xbfffffff}] -regs
configparams force-mem-access 1
targets -set -nocase -filter {name =~"APU*"}
source C:/Users/Admin/Desktop/open/Zynq7010_eink_controller/controller/Eink_controller_V1.0/Eink_controller_V1.0.vitis/frame_buffer/_ide/psinit/ps7_init.tcl
ps7_init
ps7_post_config
targets -set -nocase -filter {name =~ "*A9*#0"}
dow C:/Users/Admin/Desktop/open/Zynq7010_eink_controller/controller/Eink_controller_V1.0/Eink_controller_V1.0.vitis/frame_buffer/Debug/frame_buffer.elf
configparams force-mem-access 0
----------------End of Script----------------

17:51:04 INFO  : Context for processor 'ps7_cortexa9_0' is selected.
17:51:04 INFO  : 'con' command is executed.
17:51:04 INFO  : ----------------XSDB Script (After Launch)----------------
targets -set -nocase -filter {name =~ "*A9*#0"}
con
----------------End of Script----------------

17:51:04 INFO  : Launch script is exported to file 'C:\Users\Admin\Desktop\open\Zynq7010_eink_controller\controller\Eink_controller_V1.0\Eink_controller_V1.0.vitis\frame_buffer_system\_ide\scripts\systemdebugger_frame_buffer_system_standalone.tcl'
17:51:47 INFO  : Checking for BSP changes to sync application flags for project 'frame_buffer'...
17:52:01 INFO  : Checking for BSP changes to sync application flags for project 'frame_buffer'...
17:55:00 INFO  : Checking for BSP changes to sync application flags for project 'frame_buffer'...
17:55:14 INFO  : Checking for BSP changes to sync application flags for project 'frame_buffer'...
18:01:10 INFO  : Checking for BSP changes to sync application flags for project 'frame_buffer'...
18:01:21 INFO  : Disconnected from the channel tcfchan#1.
18:01:21 INFO  : Connected to target on host '127.0.0.1' and port '3121'.
18:01:21 INFO  : Jtag cable 'Digilent PYNQ 235179734731A' is selected.
18:01:21 INFO  : 'jtag frequency' command is executed.
18:01:21 INFO  : Context for 'APU' is selected.
18:01:21 INFO  : System reset is completed.
18:01:24 INFO  : 'after 3000' command is executed.
18:01:24 INFO  : 'targets -set -filter {jtag_cable_name =~ "Digilent PYNQ 235179734731A" && level==0 && jtag_device_ctx=="jsn-PYNQ-235179734731A-13722093-0"}' command is executed.
18:01:26 INFO  : Device configured successfully with "C:/Users/Admin/Desktop/open/Zynq7010_eink_controller/controller/Eink_controller_V1.0/Eink_controller_V1.0.vitis/frame_buffer/_ide/bitstream/eink_controller_es108fc1.bit"
18:01:26 INFO  : Context for 'APU' is selected.
18:01:27 INFO  : Hardware design and registers information is loaded from 'C:/Users/Admin/Desktop/open/Zynq7010_eink_controller/controller/Eink_controller_V1.0/Eink_controller_V1.0.vitis/Demo/export/Demo/hw/eink_controller_es108fc1.xsa'.
18:01:27 INFO  : 'configparams force-mem-access 1' command is executed.
18:01:27 INFO  : Context for 'APU' is selected.
18:01:27 INFO  : Sourcing of 'C:/Users/Admin/Desktop/open/Zynq7010_eink_controller/controller/Eink_controller_V1.0/Eink_controller_V1.0.vitis/frame_buffer/_ide/psinit/ps7_init.tcl' is done.
18:01:27 INFO  : 'ps7_init' command is executed.
18:01:27 INFO  : 'ps7_post_config' command is executed.
18:01:27 INFO  : Context for processor 'ps7_cortexa9_0' is selected.
18:01:35 INFO  : The application 'C:/Users/Admin/Desktop/open/Zynq7010_eink_controller/controller/Eink_controller_V1.0/Eink_controller_V1.0.vitis/frame_buffer/Debug/frame_buffer.elf' is downloaded to processor 'ps7_cortexa9_0'.
18:01:36 INFO  : 'configparams force-mem-access 0' command is executed.
18:01:36 INFO  : ----------------XSDB Script----------------
connect -url tcp:127.0.0.1:3121
targets -set -nocase -filter {name =~"APU*"}
rst -system
after 3000
targets -set -filter {jtag_cable_name =~ "Digilent PYNQ 235179734731A" && level==0 && jtag_device_ctx=="jsn-PYNQ-235179734731A-13722093-0"}
fpga -file C:/Users/Admin/Desktop/open/Zynq7010_eink_controller/controller/Eink_controller_V1.0/Eink_controller_V1.0.vitis/frame_buffer/_ide/bitstream/eink_controller_es108fc1.bit
targets -set -nocase -filter {name =~"APU*"}
loadhw -hw C:/Users/Admin/Desktop/open/Zynq7010_eink_controller/controller/Eink_controller_V1.0/Eink_controller_V1.0.vitis/Demo/export/Demo/hw/eink_controller_es108fc1.xsa -mem-ranges [list {0x40000000 0xbfffffff}] -regs
configparams force-mem-access 1
targets -set -nocase -filter {name =~"APU*"}
source C:/Users/Admin/Desktop/open/Zynq7010_eink_controller/controller/Eink_controller_V1.0/Eink_controller_V1.0.vitis/frame_buffer/_ide/psinit/ps7_init.tcl
ps7_init
ps7_post_config
targets -set -nocase -filter {name =~ "*A9*#0"}
dow C:/Users/Admin/Desktop/open/Zynq7010_eink_controller/controller/Eink_controller_V1.0/Eink_controller_V1.0.vitis/frame_buffer/Debug/frame_buffer.elf
configparams force-mem-access 0
----------------End of Script----------------

18:01:36 INFO  : Context for processor 'ps7_cortexa9_0' is selected.
18:01:36 INFO  : 'con' command is executed.
18:01:36 INFO  : ----------------XSDB Script (After Launch)----------------
targets -set -nocase -filter {name =~ "*A9*#0"}
con
----------------End of Script----------------

18:01:36 INFO  : Launch script is exported to file 'C:\Users\Admin\Desktop\open\Zynq7010_eink_controller\controller\Eink_controller_V1.0\Eink_controller_V1.0.vitis\frame_buffer_system\_ide\scripts\systemdebugger_frame_buffer_system_standalone.tcl'
18:02:10 INFO  : Disconnected from the channel tcfchan#2.
18:02:10 INFO  : Connected to target on host '127.0.0.1' and port '3121'.
18:02:10 INFO  : Jtag cable 'Digilent PYNQ 235179734731A' is selected.
18:02:10 INFO  : 'jtag frequency' command is executed.
18:02:10 INFO  : Context for 'APU' is selected.
18:02:10 INFO  : System reset is completed.
18:02:13 INFO  : 'after 3000' command is executed.
18:02:13 INFO  : 'targets -set -filter {jtag_cable_name =~ "Digilent PYNQ 235179734731A" && level==0 && jtag_device_ctx=="jsn-PYNQ-235179734731A-13722093-0"}' command is executed.
18:02:15 INFO  : Device configured successfully with "C:/Users/Admin/Desktop/open/Zynq7010_eink_controller/controller/Eink_controller_V1.0/Eink_controller_V1.0.vitis/frame_buffer/_ide/bitstream/eink_controller_es108fc1.bit"
18:02:15 INFO  : Context for 'APU' is selected.
18:02:16 INFO  : Hardware design and registers information is loaded from 'C:/Users/Admin/Desktop/open/Zynq7010_eink_controller/controller/Eink_controller_V1.0/Eink_controller_V1.0.vitis/Demo/export/Demo/hw/eink_controller_es108fc1.xsa'.
18:02:16 INFO  : 'configparams force-mem-access 1' command is executed.
18:02:16 INFO  : Context for 'APU' is selected.
18:02:16 INFO  : Sourcing of 'C:/Users/Admin/Desktop/open/Zynq7010_eink_controller/controller/Eink_controller_V1.0/Eink_controller_V1.0.vitis/frame_buffer/_ide/psinit/ps7_init.tcl' is done.
18:02:16 INFO  : 'ps7_init' command is executed.
18:02:16 INFO  : 'ps7_post_config' command is executed.
18:02:16 INFO  : Context for processor 'ps7_cortexa9_0' is selected.
18:02:25 INFO  : The application 'C:/Users/Admin/Desktop/open/Zynq7010_eink_controller/controller/Eink_controller_V1.0/Eink_controller_V1.0.vitis/frame_buffer/Debug/frame_buffer.elf' is downloaded to processor 'ps7_cortexa9_0'.
18:02:25 INFO  : 'configparams force-mem-access 0' command is executed.
18:02:25 INFO  : ----------------XSDB Script----------------
connect -url tcp:127.0.0.1:3121
targets -set -nocase -filter {name =~"APU*"}
rst -system
after 3000
targets -set -filter {jtag_cable_name =~ "Digilent PYNQ 235179734731A" && level==0 && jtag_device_ctx=="jsn-PYNQ-235179734731A-13722093-0"}
fpga -file C:/Users/Admin/Desktop/open/Zynq7010_eink_controller/controller/Eink_controller_V1.0/Eink_controller_V1.0.vitis/frame_buffer/_ide/bitstream/eink_controller_es108fc1.bit
targets -set -nocase -filter {name =~"APU*"}
loadhw -hw C:/Users/Admin/Desktop/open/Zynq7010_eink_controller/controller/Eink_controller_V1.0/Eink_controller_V1.0.vitis/Demo/export/Demo/hw/eink_controller_es108fc1.xsa -mem-ranges [list {0x40000000 0xbfffffff}] -regs
configparams force-mem-access 1
targets -set -nocase -filter {name =~"APU*"}
source C:/Users/Admin/Desktop/open/Zynq7010_eink_controller/controller/Eink_controller_V1.0/Eink_controller_V1.0.vitis/frame_buffer/_ide/psinit/ps7_init.tcl
ps7_init
ps7_post_config
targets -set -nocase -filter {name =~ "*A9*#0"}
dow C:/Users/Admin/Desktop/open/Zynq7010_eink_controller/controller/Eink_controller_V1.0/Eink_controller_V1.0.vitis/frame_buffer/Debug/frame_buffer.elf
configparams force-mem-access 0
----------------End of Script----------------

18:02:25 INFO  : Context for processor 'ps7_cortexa9_0' is selected.
18:02:25 INFO  : 'con' command is executed.
18:02:25 INFO  : ----------------XSDB Script (After Launch)----------------
targets -set -nocase -filter {name =~ "*A9*#0"}
con
----------------End of Script----------------

18:02:25 INFO  : Launch script is exported to file 'C:\Users\Admin\Desktop\open\Zynq7010_eink_controller\controller\Eink_controller_V1.0\Eink_controller_V1.0.vitis\frame_buffer_system\_ide\scripts\systemdebugger_frame_buffer_system_standalone.tcl'
19:26:17 INFO  : Hardware specification for platform project 'Demo' is updated.
19:26:27 INFO  : Result from executing command 'getProjects': Demo
19:26:27 INFO  : Result from executing command 'getPlatforms': Demo|C:/Users/Admin/Desktop/open/Zynq7010_eink_controller/controller/Eink_controller_V1.0/Eink_controller_V1.0.vitis/Demo/export/Demo/Demo.xpfm
19:26:28 INFO  : Checking for BSP changes to sync application flags for project 'frame_buffer'...
19:26:33 ERROR : XSCT server calls should not be made from TCF thread.
java.lang.RuntimeException: XSCT server calls should not be made from TCF thread.
	at com.xilinx.sdk.xsdb.XSDBCommandManager.issueAndWait(XSDBCommandManager.java:391)
	at com.xilinx.sdk.xsdb.XsdbCommandUtils.executeAndRespond(XsdbCommandUtils.java:325)
	at com.xilinx.sdk.hw.internal.HwPlatform.populateDesignProps(HwPlatform.java:522)
	at com.xilinx.sdk.hw.internal.HwPlatform.isZynq(HwPlatform.java:1102)
	at com.xilinx.sdk.hw.internal.HwPlatform.getArchFamily(HwPlatform.java:588)
	at com.xilinx.sdk.tcf.internal.debug.ui.common.BaseLaunchConfigModel.readCrossTriggerModel(BaseLaunchConfigModel.java:174)
	at com.xilinx.sdk.tcf.internal.debug.ui.common.BaseLaunchConfigModel.readAndSetAttributes(BaseLaunchConfigModel.java:156)
	at com.xilinx.sdx.sdsoc.debug.ui.SdsLaunchConfigModel.newInstance(SdsLaunchConfigModel.java:104)
	at com.xilinx.sdx.sdsoc.debug.launch.SdsTcfLaunchDelegate.createConfigModel(SdsTcfLaunchDelegate.java:85)
	at com.xilinx.sdx.sdsoc.debug.launch.SdsTcfLaunchDelegate.generateReports(SdsTcfLaunchDelegate.java:634)
	at com.xilinx.sdx.sdsoc.debug.launch.SdsTcfLaunchDelegate.onDisconnected(SdsTcfLaunchDelegate.java:608)
	at org.eclipse.tcf.internal.debug.ui.model.TCFModelManager$1.onDisconnected(TCFModelManager.java:79)
	at org.eclipse.tcf.internal.debug.model.TCFLaunch.onDisconnected(TCFLaunch.java:532)
	at org.eclipse.tcf.internal.debug.model.TCFLaunch$43.onChannelClosed(TCFLaunch.java:1643)
	at org.eclipse.tcf.core.AbstractChannel$9.run(AbstractChannel.java:858)
	at org.eclipse.tcf.EventQueue.run(EventQueue.java:98)
	at java.base/java.lang.Thread.run(Thread.java:834)
19:26:33 INFO  : Disconnected from the channel tcfchan#3.
19:26:33 INFO  : The hardware specfication used by project 'frame_buffer' is out of sync with the platform. Resource files extracted from the hardware specfiication will be updated.
19:26:33 INFO  : The file 'C:\Users\Admin\Desktop\open\Zynq7010_eink_controller\controller\Eink_controller_V1.0\Eink_controller_V1.0.vitis\frame_buffer\_ide\bitstream\eink_controller_es108fc1.bit' stored in project is removed.
19:26:33 INFO  : The file 'C:\Users\Admin\Desktop\open\Zynq7010_eink_controller\controller\Eink_controller_V1.0\Eink_controller_V1.0.vitis\frame_buffer\_ide\bitstream\eink_controller_es108fc1.mmi' stored in project is removed.
19:26:33 INFO  : The updated bitstream files are copied from platform to folder 'C:\Users\Admin\Desktop\open\Zynq7010_eink_controller\controller\Eink_controller_V1.0\Eink_controller_V1.0.vitis\frame_buffer\_ide\bitstream' in project 'frame_buffer'.
19:26:33 INFO  : The file 'C:\Users\Admin\Desktop\open\Zynq7010_eink_controller\controller\Eink_controller_V1.0\Eink_controller_V1.0.vitis\frame_buffer\_ide\psinit\ps7_init.tcl' stored in project is removed.
19:26:38 INFO  : The updated ps init files are copied from platform to folder 'C:\Users\Admin\Desktop\open\Zynq7010_eink_controller\controller\Eink_controller_V1.0\Eink_controller_V1.0.vitis\frame_buffer\_ide\psinit' in project 'frame_buffer'.
19:26:38 INFO  : Connected to target on host '127.0.0.1' and port '3121'.
19:26:39 INFO  : Jtag cable 'Digilent PYNQ 235179734731A' is selected.
19:26:39 INFO  : 'jtag frequency' command is executed.
19:26:39 INFO  : Context for 'APU' is selected.
19:26:39 INFO  : System reset is completed.
19:26:42 INFO  : 'after 3000' command is executed.
19:26:42 INFO  : 'targets -set -filter {jtag_cable_name =~ "Digilent PYNQ 235179734731A" && level==0 && jtag_device_ctx=="jsn-PYNQ-235179734731A-13722093-0"}' command is executed.
19:26:43 INFO  : Device configured successfully with "C:/Users/Admin/Desktop/open/Zynq7010_eink_controller/controller/Eink_controller_V1.0/Eink_controller_V1.0.vitis/frame_buffer/_ide/bitstream/eink_controller_es108fc1.bit"
19:26:43 INFO  : Context for 'APU' is selected.
19:26:43 INFO  : Hardware design and registers information is loaded from 'C:/Users/Admin/Desktop/open/Zynq7010_eink_controller/controller/Eink_controller_V1.0/Eink_controller_V1.0.vitis/Demo/export/Demo/hw/eink_controller_es108fc1.xsa'.
19:26:43 INFO  : 'configparams force-mem-access 1' command is executed.
19:26:43 INFO  : Context for 'APU' is selected.
19:26:43 INFO  : Sourcing of 'C:/Users/Admin/Desktop/open/Zynq7010_eink_controller/controller/Eink_controller_V1.0/Eink_controller_V1.0.vitis/frame_buffer/_ide/psinit/ps7_init.tcl' is done.
19:26:43 INFO  : 'ps7_init' command is executed.
19:26:43 INFO  : 'ps7_post_config' command is executed.
19:26:43 INFO  : Context for processor 'ps7_cortexa9_0' is selected.
19:26:52 INFO  : The application 'C:/Users/Admin/Desktop/open/Zynq7010_eink_controller/controller/Eink_controller_V1.0/Eink_controller_V1.0.vitis/frame_buffer/Debug/frame_buffer.elf' is downloaded to processor 'ps7_cortexa9_0'.
19:26:53 INFO  : 'configparams force-mem-access 0' command is executed.
19:26:53 INFO  : ----------------XSDB Script----------------
connect -url tcp:127.0.0.1:3121
targets -set -nocase -filter {name =~"APU*"}
rst -system
after 3000
targets -set -filter {jtag_cable_name =~ "Digilent PYNQ 235179734731A" && level==0 && jtag_device_ctx=="jsn-PYNQ-235179734731A-13722093-0"}
fpga -file C:/Users/Admin/Desktop/open/Zynq7010_eink_controller/controller/Eink_controller_V1.0/Eink_controller_V1.0.vitis/frame_buffer/_ide/bitstream/eink_controller_es108fc1.bit
targets -set -nocase -filter {name =~"APU*"}
loadhw -hw C:/Users/Admin/Desktop/open/Zynq7010_eink_controller/controller/Eink_controller_V1.0/Eink_controller_V1.0.vitis/Demo/export/Demo/hw/eink_controller_es108fc1.xsa -mem-ranges [list {0x40000000 0xbfffffff}] -regs
configparams force-mem-access 1
targets -set -nocase -filter {name =~"APU*"}
source C:/Users/Admin/Desktop/open/Zynq7010_eink_controller/controller/Eink_controller_V1.0/Eink_controller_V1.0.vitis/frame_buffer/_ide/psinit/ps7_init.tcl
ps7_init
ps7_post_config
targets -set -nocase -filter {name =~ "*A9*#0"}
dow C:/Users/Admin/Desktop/open/Zynq7010_eink_controller/controller/Eink_controller_V1.0/Eink_controller_V1.0.vitis/frame_buffer/Debug/frame_buffer.elf
configparams force-mem-access 0
----------------End of Script----------------

19:26:53 INFO  : Context for processor 'ps7_cortexa9_0' is selected.
19:26:54 INFO  : 'con' command is executed.
19:26:54 INFO  : ----------------XSDB Script (After Launch)----------------
targets -set -nocase -filter {name =~ "*A9*#0"}
con
----------------End of Script----------------

19:26:54 INFO  : Launch script is exported to file 'C:\Users\Admin\Desktop\open\Zynq7010_eink_controller\controller\Eink_controller_V1.0\Eink_controller_V1.0.vitis\frame_buffer_system\_ide\scripts\systemdebugger_frame_buffer_system_standalone.tcl'
19:35:52 INFO  : Hardware specification for platform project 'Demo' is updated.
19:39:42 INFO  : Hardware specification for platform project 'Demo' is updated.
19:40:00 INFO  : Result from executing command 'getProjects': Demo
19:40:00 INFO  : Result from executing command 'getPlatforms': Demo|C:/Users/Admin/Desktop/open/Zynq7010_eink_controller/controller/Eink_controller_V1.0/Eink_controller_V1.0.vitis/Demo/export/Demo/Demo.xpfm
19:40:00 INFO  : Checking for BSP changes to sync application flags for project 'frame_buffer'...
19:40:06 ERROR : XSCT server calls should not be made from TCF thread.
java.lang.RuntimeException: XSCT server calls should not be made from TCF thread.
	at com.xilinx.sdk.xsdb.XSDBCommandManager.issueAndWait(XSDBCommandManager.java:391)
	at com.xilinx.sdk.xsdb.XsdbCommandUtils.executeAndRespond(XsdbCommandUtils.java:325)
	at com.xilinx.sdk.hw.internal.HwPlatform.populateDesignProps(HwPlatform.java:522)
	at com.xilinx.sdk.hw.internal.HwPlatform.isZynq(HwPlatform.java:1102)
	at com.xilinx.sdk.hw.internal.HwPlatform.getArchFamily(HwPlatform.java:588)
	at com.xilinx.sdk.tcf.internal.debug.ui.common.BaseLaunchConfigModel.readCrossTriggerModel(BaseLaunchConfigModel.java:174)
	at com.xilinx.sdk.tcf.internal.debug.ui.common.BaseLaunchConfigModel.readAndSetAttributes(BaseLaunchConfigModel.java:156)
	at com.xilinx.sdx.sdsoc.debug.ui.SdsLaunchConfigModel.newInstance(SdsLaunchConfigModel.java:104)
	at com.xilinx.sdx.sdsoc.debug.launch.SdsTcfLaunchDelegate.createConfigModel(SdsTcfLaunchDelegate.java:85)
	at com.xilinx.sdx.sdsoc.debug.launch.SdsTcfLaunchDelegate.generateReports(SdsTcfLaunchDelegate.java:634)
	at com.xilinx.sdx.sdsoc.debug.launch.SdsTcfLaunchDelegate.onDisconnected(SdsTcfLaunchDelegate.java:608)
	at org.eclipse.tcf.internal.debug.ui.model.TCFModelManager$1.onDisconnected(TCFModelManager.java:79)
	at org.eclipse.tcf.internal.debug.model.TCFLaunch.onDisconnected(TCFLaunch.java:532)
	at org.eclipse.tcf.internal.debug.model.TCFLaunch$43.onChannelClosed(TCFLaunch.java:1643)
	at org.eclipse.tcf.core.AbstractChannel$9.run(AbstractChannel.java:858)
	at org.eclipse.tcf.EventQueue.run(EventQueue.java:98)
	at java.base/java.lang.Thread.run(Thread.java:834)
19:40:06 INFO  : Disconnected from the channel tcfchan#5.
19:40:06 INFO  : The hardware specfication used by project 'frame_buffer' is out of sync with the platform. Resource files extracted from the hardware specfiication will be updated.
19:40:06 INFO  : The file 'C:\Users\Admin\Desktop\open\Zynq7010_eink_controller\controller\Eink_controller_V1.0\Eink_controller_V1.0.vitis\frame_buffer\_ide\bitstream\eink_controller_es108fc1.bit' stored in project is removed.
19:40:06 INFO  : The file 'C:\Users\Admin\Desktop\open\Zynq7010_eink_controller\controller\Eink_controller_V1.0\Eink_controller_V1.0.vitis\frame_buffer\_ide\bitstream\eink_controller_es108fc1.mmi' stored in project is removed.
19:40:06 INFO  : The updated bitstream files are copied from platform to folder 'C:\Users\Admin\Desktop\open\Zynq7010_eink_controller\controller\Eink_controller_V1.0\Eink_controller_V1.0.vitis\frame_buffer\_ide\bitstream' in project 'frame_buffer'.
19:40:06 INFO  : The file 'C:\Users\Admin\Desktop\open\Zynq7010_eink_controller\controller\Eink_controller_V1.0\Eink_controller_V1.0.vitis\frame_buffer\_ide\psinit\ps7_init.tcl' stored in project is removed.
19:40:10 INFO  : The updated ps init files are copied from platform to folder 'C:\Users\Admin\Desktop\open\Zynq7010_eink_controller\controller\Eink_controller_V1.0\Eink_controller_V1.0.vitis\frame_buffer\_ide\psinit' in project 'frame_buffer'.
19:40:10 INFO  : Connected to target on host '127.0.0.1' and port '3121'.
19:40:11 INFO  : Jtag cable 'Digilent PYNQ 235179734731A' is selected.
19:40:11 INFO  : 'jtag frequency' command is executed.
19:40:11 INFO  : Context for 'APU' is selected.
19:40:11 INFO  : System reset is completed.
19:40:14 INFO  : 'after 3000' command is executed.
19:40:14 INFO  : 'targets -set -filter {jtag_cable_name =~ "Digilent PYNQ 235179734731A" && level==0 && jtag_device_ctx=="jsn-PYNQ-235179734731A-13722093-0"}' command is executed.
19:40:15 INFO  : Device configured successfully with "C:/Users/Admin/Desktop/open/Zynq7010_eink_controller/controller/Eink_controller_V1.0/Eink_controller_V1.0.vitis/frame_buffer/_ide/bitstream/eink_controller_es108fc1.bit"
19:40:15 INFO  : Context for 'APU' is selected.
19:40:15 INFO  : Hardware design and registers information is loaded from 'C:/Users/Admin/Desktop/open/Zynq7010_eink_controller/controller/Eink_controller_V1.0/Eink_controller_V1.0.vitis/Demo/export/Demo/hw/eink_controller_es108fc1.xsa'.
19:40:15 INFO  : 'configparams force-mem-access 1' command is executed.
19:40:15 INFO  : Context for 'APU' is selected.
19:40:15 INFO  : Sourcing of 'C:/Users/Admin/Desktop/open/Zynq7010_eink_controller/controller/Eink_controller_V1.0/Eink_controller_V1.0.vitis/frame_buffer/_ide/psinit/ps7_init.tcl' is done.
19:40:16 INFO  : 'ps7_init' command is executed.
19:40:16 INFO  : 'ps7_post_config' command is executed.
19:40:16 INFO  : Context for processor 'ps7_cortexa9_0' is selected.
19:40:24 INFO  : The application 'C:/Users/Admin/Desktop/open/Zynq7010_eink_controller/controller/Eink_controller_V1.0/Eink_controller_V1.0.vitis/frame_buffer/Debug/frame_buffer.elf' is downloaded to processor 'ps7_cortexa9_0'.
19:40:24 INFO  : 'configparams force-mem-access 0' command is executed.
19:40:24 INFO  : ----------------XSDB Script----------------
connect -url tcp:127.0.0.1:3121
targets -set -nocase -filter {name =~"APU*"}
rst -system
after 3000
targets -set -filter {jtag_cable_name =~ "Digilent PYNQ 235179734731A" && level==0 && jtag_device_ctx=="jsn-PYNQ-235179734731A-13722093-0"}
fpga -file C:/Users/Admin/Desktop/open/Zynq7010_eink_controller/controller/Eink_controller_V1.0/Eink_controller_V1.0.vitis/frame_buffer/_ide/bitstream/eink_controller_es108fc1.bit
targets -set -nocase -filter {name =~"APU*"}
loadhw -hw C:/Users/Admin/Desktop/open/Zynq7010_eink_controller/controller/Eink_controller_V1.0/Eink_controller_V1.0.vitis/Demo/export/Demo/hw/eink_controller_es108fc1.xsa -mem-ranges [list {0x40000000 0xbfffffff}] -regs
configparams force-mem-access 1
targets -set -nocase -filter {name =~"APU*"}
source C:/Users/Admin/Desktop/open/Zynq7010_eink_controller/controller/Eink_controller_V1.0/Eink_controller_V1.0.vitis/frame_buffer/_ide/psinit/ps7_init.tcl
ps7_init
ps7_post_config
targets -set -nocase -filter {name =~ "*A9*#0"}
dow C:/Users/Admin/Desktop/open/Zynq7010_eink_controller/controller/Eink_controller_V1.0/Eink_controller_V1.0.vitis/frame_buffer/Debug/frame_buffer.elf
configparams force-mem-access 0
----------------End of Script----------------

19:40:24 INFO  : Context for processor 'ps7_cortexa9_0' is selected.
19:40:24 INFO  : 'con' command is executed.
19:40:24 INFO  : ----------------XSDB Script (After Launch)----------------
targets -set -nocase -filter {name =~ "*A9*#0"}
con
----------------End of Script----------------

19:40:24 INFO  : Launch script is exported to file 'C:\Users\Admin\Desktop\open\Zynq7010_eink_controller\controller\Eink_controller_V1.0\Eink_controller_V1.0.vitis\frame_buffer_system\_ide\scripts\systemdebugger_frame_buffer_system_standalone.tcl'
19:40:58 INFO  : Checking for BSP changes to sync application flags for project 'frame_buffer'...
19:41:05 INFO  : Disconnected from the channel tcfchan#7.
19:41:06 INFO  : Connected to target on host '127.0.0.1' and port '3121'.
19:41:06 INFO  : Jtag cable 'Digilent PYNQ 235179734731A' is selected.
19:41:06 INFO  : 'jtag frequency' command is executed.
19:41:06 INFO  : Context for 'APU' is selected.
19:41:06 INFO  : System reset is completed.
19:41:09 INFO  : 'after 3000' command is executed.
19:41:09 INFO  : 'targets -set -filter {jtag_cable_name =~ "Digilent PYNQ 235179734731A" && level==0 && jtag_device_ctx=="jsn-PYNQ-235179734731A-13722093-0"}' command is executed.
19:41:10 INFO  : Device configured successfully with "C:/Users/Admin/Desktop/open/Zynq7010_eink_controller/controller/Eink_controller_V1.0/Eink_controller_V1.0.vitis/frame_buffer/_ide/bitstream/eink_controller_es108fc1.bit"
19:41:10 INFO  : Context for 'APU' is selected.
19:41:10 INFO  : Hardware design and registers information is loaded from 'C:/Users/Admin/Desktop/open/Zynq7010_eink_controller/controller/Eink_controller_V1.0/Eink_controller_V1.0.vitis/Demo/export/Demo/hw/eink_controller_es108fc1.xsa'.
19:41:10 INFO  : 'configparams force-mem-access 1' command is executed.
19:41:10 INFO  : Context for 'APU' is selected.
19:41:10 INFO  : Sourcing of 'C:/Users/Admin/Desktop/open/Zynq7010_eink_controller/controller/Eink_controller_V1.0/Eink_controller_V1.0.vitis/frame_buffer/_ide/psinit/ps7_init.tcl' is done.
19:41:10 INFO  : 'ps7_init' command is executed.
19:41:10 INFO  : 'ps7_post_config' command is executed.
19:41:10 INFO  : Context for processor 'ps7_cortexa9_0' is selected.
19:41:19 INFO  : The application 'C:/Users/Admin/Desktop/open/Zynq7010_eink_controller/controller/Eink_controller_V1.0/Eink_controller_V1.0.vitis/frame_buffer/Debug/frame_buffer.elf' is downloaded to processor 'ps7_cortexa9_0'.
19:41:19 INFO  : 'configparams force-mem-access 0' command is executed.
19:41:19 INFO  : ----------------XSDB Script----------------
connect -url tcp:127.0.0.1:3121
targets -set -nocase -filter {name =~"APU*"}
rst -system
after 3000
targets -set -filter {jtag_cable_name =~ "Digilent PYNQ 235179734731A" && level==0 && jtag_device_ctx=="jsn-PYNQ-235179734731A-13722093-0"}
fpga -file C:/Users/Admin/Desktop/open/Zynq7010_eink_controller/controller/Eink_controller_V1.0/Eink_controller_V1.0.vitis/frame_buffer/_ide/bitstream/eink_controller_es108fc1.bit
targets -set -nocase -filter {name =~"APU*"}
loadhw -hw C:/Users/Admin/Desktop/open/Zynq7010_eink_controller/controller/Eink_controller_V1.0/Eink_controller_V1.0.vitis/Demo/export/Demo/hw/eink_controller_es108fc1.xsa -mem-ranges [list {0x40000000 0xbfffffff}] -regs
configparams force-mem-access 1
targets -set -nocase -filter {name =~"APU*"}
source C:/Users/Admin/Desktop/open/Zynq7010_eink_controller/controller/Eink_controller_V1.0/Eink_controller_V1.0.vitis/frame_buffer/_ide/psinit/ps7_init.tcl
ps7_init
ps7_post_config
targets -set -nocase -filter {name =~ "*A9*#0"}
dow C:/Users/Admin/Desktop/open/Zynq7010_eink_controller/controller/Eink_controller_V1.0/Eink_controller_V1.0.vitis/frame_buffer/Debug/frame_buffer.elf
configparams force-mem-access 0
----------------End of Script----------------

19:41:19 INFO  : Context for processor 'ps7_cortexa9_0' is selected.
19:41:19 INFO  : 'con' command is executed.
19:41:19 INFO  : ----------------XSDB Script (After Launch)----------------
targets -set -nocase -filter {name =~ "*A9*#0"}
con
----------------End of Script----------------

19:41:19 INFO  : Launch script is exported to file 'C:\Users\Admin\Desktop\open\Zynq7010_eink_controller\controller\Eink_controller_V1.0\Eink_controller_V1.0.vitis\frame_buffer_system\_ide\scripts\systemdebugger_frame_buffer_system_standalone.tcl'
19:41:19 INFO  : Checking for BSP changes to sync application flags for project 'frame_buffer'...
19:41:25 INFO  : Disconnected from the channel tcfchan#8.
19:41:25 INFO  : Connected to target on host '127.0.0.1' and port '3121'.
19:41:26 INFO  : Jtag cable 'Digilent PYNQ 235179734731A' is selected.
19:41:26 INFO  : 'jtag frequency' command is executed.
19:41:26 INFO  : Context for 'APU' is selected.
19:41:26 INFO  : System reset is completed.
19:41:29 INFO  : 'after 3000' command is executed.
19:41:29 INFO  : 'targets -set -filter {jtag_cable_name =~ "Digilent PYNQ 235179734731A" && level==0 && jtag_device_ctx=="jsn-PYNQ-235179734731A-13722093-0"}' command is executed.
19:41:30 INFO  : Device configured successfully with "C:/Users/Admin/Desktop/open/Zynq7010_eink_controller/controller/Eink_controller_V1.0/Eink_controller_V1.0.vitis/frame_buffer/_ide/bitstream/eink_controller_es108fc1.bit"
19:41:30 INFO  : Context for 'APU' is selected.
19:41:30 INFO  : Hardware design and registers information is loaded from 'C:/Users/Admin/Desktop/open/Zynq7010_eink_controller/controller/Eink_controller_V1.0/Eink_controller_V1.0.vitis/Demo/export/Demo/hw/eink_controller_es108fc1.xsa'.
19:41:30 INFO  : 'configparams force-mem-access 1' command is executed.
19:41:30 INFO  : Context for 'APU' is selected.
19:41:30 INFO  : Sourcing of 'C:/Users/Admin/Desktop/open/Zynq7010_eink_controller/controller/Eink_controller_V1.0/Eink_controller_V1.0.vitis/frame_buffer/_ide/psinit/ps7_init.tcl' is done.
19:41:30 INFO  : 'ps7_init' command is executed.
19:41:30 INFO  : 'ps7_post_config' command is executed.
19:41:30 INFO  : Context for processor 'ps7_cortexa9_0' is selected.
19:41:38 INFO  : The application 'C:/Users/Admin/Desktop/open/Zynq7010_eink_controller/controller/Eink_controller_V1.0/Eink_controller_V1.0.vitis/frame_buffer/Debug/frame_buffer.elf' is downloaded to processor 'ps7_cortexa9_0'.
19:41:38 INFO  : 'configparams force-mem-access 0' command is executed.
19:41:38 INFO  : ----------------XSDB Script----------------
connect -url tcp:127.0.0.1:3121
targets -set -nocase -filter {name =~"APU*"}
rst -system
after 3000
targets -set -filter {jtag_cable_name =~ "Digilent PYNQ 235179734731A" && level==0 && jtag_device_ctx=="jsn-PYNQ-235179734731A-13722093-0"}
fpga -file C:/Users/Admin/Desktop/open/Zynq7010_eink_controller/controller/Eink_controller_V1.0/Eink_controller_V1.0.vitis/frame_buffer/_ide/bitstream/eink_controller_es108fc1.bit
targets -set -nocase -filter {name =~"APU*"}
loadhw -hw C:/Users/Admin/Desktop/open/Zynq7010_eink_controller/controller/Eink_controller_V1.0/Eink_controller_V1.0.vitis/Demo/export/Demo/hw/eink_controller_es108fc1.xsa -mem-ranges [list {0x40000000 0xbfffffff}] -regs
configparams force-mem-access 1
targets -set -nocase -filter {name =~"APU*"}
source C:/Users/Admin/Desktop/open/Zynq7010_eink_controller/controller/Eink_controller_V1.0/Eink_controller_V1.0.vitis/frame_buffer/_ide/psinit/ps7_init.tcl
ps7_init
ps7_post_config
targets -set -nocase -filter {name =~ "*A9*#0"}
dow C:/Users/Admin/Desktop/open/Zynq7010_eink_controller/controller/Eink_controller_V1.0/Eink_controller_V1.0.vitis/frame_buffer/Debug/frame_buffer.elf
configparams force-mem-access 0
----------------End of Script----------------

19:41:38 INFO  : Context for processor 'ps7_cortexa9_0' is selected.
19:41:38 INFO  : 'con' command is executed.
19:41:38 INFO  : ----------------XSDB Script (After Launch)----------------
targets -set -nocase -filter {name =~ "*A9*#0"}
con
----------------End of Script----------------

19:41:38 INFO  : Launch script is exported to file 'C:\Users\Admin\Desktop\open\Zynq7010_eink_controller\controller\Eink_controller_V1.0\Eink_controller_V1.0.vitis\frame_buffer_system\_ide\scripts\systemdebugger_frame_buffer_system_standalone.tcl'
19:41:56 INFO  : Checking for BSP changes to sync application flags for project 'frame_buffer'...
19:42:02 INFO  : Disconnected from the channel tcfchan#9.
19:42:02 INFO  : Connected to target on host '127.0.0.1' and port '3121'.
19:42:02 INFO  : Jtag cable 'Digilent PYNQ 235179734731A' is selected.
19:42:02 INFO  : 'jtag frequency' command is executed.
19:42:02 INFO  : Context for 'APU' is selected.
19:42:02 INFO  : System reset is completed.
19:42:05 INFO  : 'after 3000' command is executed.
19:42:05 INFO  : 'targets -set -filter {jtag_cable_name =~ "Digilent PYNQ 235179734731A" && level==0 && jtag_device_ctx=="jsn-PYNQ-235179734731A-13722093-0"}' command is executed.
19:42:06 INFO  : Device configured successfully with "C:/Users/Admin/Desktop/open/Zynq7010_eink_controller/controller/Eink_controller_V1.0/Eink_controller_V1.0.vitis/frame_buffer/_ide/bitstream/eink_controller_es108fc1.bit"
19:42:06 INFO  : Context for 'APU' is selected.
19:42:06 INFO  : Hardware design and registers information is loaded from 'C:/Users/Admin/Desktop/open/Zynq7010_eink_controller/controller/Eink_controller_V1.0/Eink_controller_V1.0.vitis/Demo/export/Demo/hw/eink_controller_es108fc1.xsa'.
19:42:06 INFO  : 'configparams force-mem-access 1' command is executed.
19:42:06 INFO  : Context for 'APU' is selected.
19:42:06 INFO  : Sourcing of 'C:/Users/Admin/Desktop/open/Zynq7010_eink_controller/controller/Eink_controller_V1.0/Eink_controller_V1.0.vitis/frame_buffer/_ide/psinit/ps7_init.tcl' is done.
19:42:07 INFO  : 'ps7_init' command is executed.
19:42:07 INFO  : 'ps7_post_config' command is executed.
19:42:07 INFO  : Context for processor 'ps7_cortexa9_0' is selected.
19:42:15 INFO  : The application 'C:/Users/Admin/Desktop/open/Zynq7010_eink_controller/controller/Eink_controller_V1.0/Eink_controller_V1.0.vitis/frame_buffer/Debug/frame_buffer.elf' is downloaded to processor 'ps7_cortexa9_0'.
19:42:15 INFO  : 'configparams force-mem-access 0' command is executed.
19:42:15 INFO  : ----------------XSDB Script----------------
connect -url tcp:127.0.0.1:3121
targets -set -nocase -filter {name =~"APU*"}
rst -system
after 3000
targets -set -filter {jtag_cable_name =~ "Digilent PYNQ 235179734731A" && level==0 && jtag_device_ctx=="jsn-PYNQ-235179734731A-13722093-0"}
fpga -file C:/Users/Admin/Desktop/open/Zynq7010_eink_controller/controller/Eink_controller_V1.0/Eink_controller_V1.0.vitis/frame_buffer/_ide/bitstream/eink_controller_es108fc1.bit
targets -set -nocase -filter {name =~"APU*"}
loadhw -hw C:/Users/Admin/Desktop/open/Zynq7010_eink_controller/controller/Eink_controller_V1.0/Eink_controller_V1.0.vitis/Demo/export/Demo/hw/eink_controller_es108fc1.xsa -mem-ranges [list {0x40000000 0xbfffffff}] -regs
configparams force-mem-access 1
targets -set -nocase -filter {name =~"APU*"}
source C:/Users/Admin/Desktop/open/Zynq7010_eink_controller/controller/Eink_controller_V1.0/Eink_controller_V1.0.vitis/frame_buffer/_ide/psinit/ps7_init.tcl
ps7_init
ps7_post_config
targets -set -nocase -filter {name =~ "*A9*#0"}
dow C:/Users/Admin/Desktop/open/Zynq7010_eink_controller/controller/Eink_controller_V1.0/Eink_controller_V1.0.vitis/frame_buffer/Debug/frame_buffer.elf
configparams force-mem-access 0
----------------End of Script----------------

19:42:15 INFO  : Context for processor 'ps7_cortexa9_0' is selected.
19:42:15 INFO  : 'con' command is executed.
19:42:15 INFO  : ----------------XSDB Script (After Launch)----------------
targets -set -nocase -filter {name =~ "*A9*#0"}
con
----------------End of Script----------------

19:42:15 INFO  : Launch script is exported to file 'C:\Users\Admin\Desktop\open\Zynq7010_eink_controller\controller\Eink_controller_V1.0\Eink_controller_V1.0.vitis\frame_buffer_system\_ide\scripts\systemdebugger_frame_buffer_system_standalone.tcl'
19:42:24 INFO  : Checking for BSP changes to sync application flags for project 'frame_buffer'...
19:42:29 INFO  : Disconnected from the channel tcfchan#10.
19:42:29 INFO  : Connected to target on host '127.0.0.1' and port '3121'.
19:42:29 INFO  : Jtag cable 'Digilent PYNQ 235179734731A' is selected.
19:42:29 INFO  : 'jtag frequency' command is executed.
19:42:29 INFO  : Context for 'APU' is selected.
19:42:29 INFO  : System reset is completed.
19:42:32 INFO  : 'after 3000' command is executed.
19:42:33 INFO  : 'targets -set -filter {jtag_cable_name =~ "Digilent PYNQ 235179734731A" && level==0 && jtag_device_ctx=="jsn-PYNQ-235179734731A-13722093-0"}' command is executed.
19:42:34 INFO  : Device configured successfully with "C:/Users/Admin/Desktop/open/Zynq7010_eink_controller/controller/Eink_controller_V1.0/Eink_controller_V1.0.vitis/frame_buffer/_ide/bitstream/eink_controller_es108fc1.bit"
19:42:34 INFO  : Context for 'APU' is selected.
19:42:34 INFO  : Hardware design and registers information is loaded from 'C:/Users/Admin/Desktop/open/Zynq7010_eink_controller/controller/Eink_controller_V1.0/Eink_controller_V1.0.vitis/Demo/export/Demo/hw/eink_controller_es108fc1.xsa'.
19:42:34 INFO  : 'configparams force-mem-access 1' command is executed.
19:42:34 INFO  : Context for 'APU' is selected.
19:42:34 INFO  : Sourcing of 'C:/Users/Admin/Desktop/open/Zynq7010_eink_controller/controller/Eink_controller_V1.0/Eink_controller_V1.0.vitis/frame_buffer/_ide/psinit/ps7_init.tcl' is done.
19:42:34 INFO  : 'ps7_init' command is executed.
19:42:34 INFO  : 'ps7_post_config' command is executed.
19:42:34 INFO  : Context for processor 'ps7_cortexa9_0' is selected.
19:42:42 INFO  : The application 'C:/Users/Admin/Desktop/open/Zynq7010_eink_controller/controller/Eink_controller_V1.0/Eink_controller_V1.0.vitis/frame_buffer/Debug/frame_buffer.elf' is downloaded to processor 'ps7_cortexa9_0'.
19:42:42 INFO  : 'configparams force-mem-access 0' command is executed.
19:42:42 INFO  : ----------------XSDB Script----------------
connect -url tcp:127.0.0.1:3121
targets -set -nocase -filter {name =~"APU*"}
rst -system
after 3000
targets -set -filter {jtag_cable_name =~ "Digilent PYNQ 235179734731A" && level==0 && jtag_device_ctx=="jsn-PYNQ-235179734731A-13722093-0"}
fpga -file C:/Users/Admin/Desktop/open/Zynq7010_eink_controller/controller/Eink_controller_V1.0/Eink_controller_V1.0.vitis/frame_buffer/_ide/bitstream/eink_controller_es108fc1.bit
targets -set -nocase -filter {name =~"APU*"}
loadhw -hw C:/Users/Admin/Desktop/open/Zynq7010_eink_controller/controller/Eink_controller_V1.0/Eink_controller_V1.0.vitis/Demo/export/Demo/hw/eink_controller_es108fc1.xsa -mem-ranges [list {0x40000000 0xbfffffff}] -regs
configparams force-mem-access 1
targets -set -nocase -filter {name =~"APU*"}
source C:/Users/Admin/Desktop/open/Zynq7010_eink_controller/controller/Eink_controller_V1.0/Eink_controller_V1.0.vitis/frame_buffer/_ide/psinit/ps7_init.tcl
ps7_init
ps7_post_config
targets -set -nocase -filter {name =~ "*A9*#0"}
dow C:/Users/Admin/Desktop/open/Zynq7010_eink_controller/controller/Eink_controller_V1.0/Eink_controller_V1.0.vitis/frame_buffer/Debug/frame_buffer.elf
configparams force-mem-access 0
----------------End of Script----------------

19:42:42 INFO  : Context for processor 'ps7_cortexa9_0' is selected.
19:42:42 INFO  : 'con' command is executed.
19:42:42 INFO  : ----------------XSDB Script (After Launch)----------------
targets -set -nocase -filter {name =~ "*A9*#0"}
con
----------------End of Script----------------

19:42:42 INFO  : Launch script is exported to file 'C:\Users\Admin\Desktop\open\Zynq7010_eink_controller\controller\Eink_controller_V1.0\Eink_controller_V1.0.vitis\frame_buffer_system\_ide\scripts\systemdebugger_frame_buffer_system_standalone.tcl'
19:44:55 INFO  : Checking for BSP changes to sync application flags for project 'frame_buffer'...
19:45:00 INFO  : Disconnected from the channel tcfchan#11.
19:45:00 INFO  : Connected to target on host '127.0.0.1' and port '3121'.
19:45:00 INFO  : Jtag cable 'Digilent PYNQ 235179734731A' is selected.
19:45:00 INFO  : 'jtag frequency' command is executed.
19:45:00 INFO  : Context for 'APU' is selected.
19:45:00 INFO  : System reset is completed.
19:45:03 INFO  : 'after 3000' command is executed.
19:45:03 INFO  : 'targets -set -filter {jtag_cable_name =~ "Digilent PYNQ 235179734731A" && level==0 && jtag_device_ctx=="jsn-PYNQ-235179734731A-13722093-0"}' command is executed.
19:45:04 INFO  : Device configured successfully with "C:/Users/Admin/Desktop/open/Zynq7010_eink_controller/controller/Eink_controller_V1.0/Eink_controller_V1.0.vitis/frame_buffer/_ide/bitstream/eink_controller_es108fc1.bit"
19:45:04 INFO  : Context for 'APU' is selected.
19:45:04 INFO  : Hardware design and registers information is loaded from 'C:/Users/Admin/Desktop/open/Zynq7010_eink_controller/controller/Eink_controller_V1.0/Eink_controller_V1.0.vitis/Demo/export/Demo/hw/eink_controller_es108fc1.xsa'.
19:45:04 INFO  : 'configparams force-mem-access 1' command is executed.
19:45:04 INFO  : Context for 'APU' is selected.
19:45:04 INFO  : Sourcing of 'C:/Users/Admin/Desktop/open/Zynq7010_eink_controller/controller/Eink_controller_V1.0/Eink_controller_V1.0.vitis/frame_buffer/_ide/psinit/ps7_init.tcl' is done.
19:45:05 INFO  : 'ps7_init' command is executed.
19:45:05 INFO  : 'ps7_post_config' command is executed.
19:45:05 INFO  : Context for processor 'ps7_cortexa9_0' is selected.
19:45:13 INFO  : The application 'C:/Users/Admin/Desktop/open/Zynq7010_eink_controller/controller/Eink_controller_V1.0/Eink_controller_V1.0.vitis/frame_buffer/Debug/frame_buffer.elf' is downloaded to processor 'ps7_cortexa9_0'.
19:45:13 INFO  : 'configparams force-mem-access 0' command is executed.
19:45:13 INFO  : ----------------XSDB Script----------------
connect -url tcp:127.0.0.1:3121
targets -set -nocase -filter {name =~"APU*"}
rst -system
after 3000
targets -set -filter {jtag_cable_name =~ "Digilent PYNQ 235179734731A" && level==0 && jtag_device_ctx=="jsn-PYNQ-235179734731A-13722093-0"}
fpga -file C:/Users/Admin/Desktop/open/Zynq7010_eink_controller/controller/Eink_controller_V1.0/Eink_controller_V1.0.vitis/frame_buffer/_ide/bitstream/eink_controller_es108fc1.bit
targets -set -nocase -filter {name =~"APU*"}
loadhw -hw C:/Users/Admin/Desktop/open/Zynq7010_eink_controller/controller/Eink_controller_V1.0/Eink_controller_V1.0.vitis/Demo/export/Demo/hw/eink_controller_es108fc1.xsa -mem-ranges [list {0x40000000 0xbfffffff}] -regs
configparams force-mem-access 1
targets -set -nocase -filter {name =~"APU*"}
source C:/Users/Admin/Desktop/open/Zynq7010_eink_controller/controller/Eink_controller_V1.0/Eink_controller_V1.0.vitis/frame_buffer/_ide/psinit/ps7_init.tcl
ps7_init
ps7_post_config
targets -set -nocase -filter {name =~ "*A9*#0"}
dow C:/Users/Admin/Desktop/open/Zynq7010_eink_controller/controller/Eink_controller_V1.0/Eink_controller_V1.0.vitis/frame_buffer/Debug/frame_buffer.elf
configparams force-mem-access 0
----------------End of Script----------------

19:45:13 INFO  : Context for processor 'ps7_cortexa9_0' is selected.
19:45:13 INFO  : 'con' command is executed.
19:45:13 INFO  : ----------------XSDB Script (After Launch)----------------
targets -set -nocase -filter {name =~ "*A9*#0"}
con
----------------End of Script----------------

19:45:13 INFO  : Launch script is exported to file 'C:\Users\Admin\Desktop\open\Zynq7010_eink_controller\controller\Eink_controller_V1.0\Eink_controller_V1.0.vitis\frame_buffer_system\_ide\scripts\systemdebugger_frame_buffer_system_standalone.tcl'
19:46:24 INFO  : Disconnected from the channel tcfchan#12.
19:53:31 INFO  : Launching XSCT server: xsct.bat -n  -interactive C:\Users\Admin\Desktop\open\Zynq7010_eink_controller\controller\Eink_controller_V1.0\Eink_controller_V1.0.vitis\temp_xsdb_launch_script.tcl
19:53:34 INFO  : XSCT server has started successfully.
19:53:34 INFO  : plnx-install-location is set to ''
19:53:34 INFO  : Successfully done setting XSCT server connection channel  
19:53:34 INFO  : Successfully done setting workspace for the tool. 
19:53:38 INFO  : Platform repository initialization has completed.
19:53:38 INFO  : Registering command handlers for Vitis TCF services
19:53:39 INFO  : Successfully done query RDI_DATADIR 
19:53:42 INFO  : Checking for BSP changes to sync application flags for project 'frame_buffer'...
19:53:53 ERROR : (XSDB Server)ERROR: [Hsi 55-1571] The design file C:/Users/Admin/Desktop/open/Zynq7010_eink_controller/controller/Eink_controller_V1.0/Eink_controller_V1.0.vitis/Demo/export/Demo/hw/eink_controller_es108fc1.xsa is already opened

21:05:09 INFO  : Launching XSCT server: xsct.bat -n  -interactive C:\Users\Admin\Desktop\open\Zynq7010_eink_controller\controller\Eink_controller_V1.0\Eink_controller_V1.0.vitis\temp_xsdb_launch_script.tcl
21:05:14 INFO  : XSCT server has started successfully.
21:05:14 INFO  : plnx-install-location is set to ''
21:05:14 INFO  : Successfully done setting XSCT server connection channel  
21:05:14 INFO  : Successfully done setting workspace for the tool. 
21:05:21 INFO  : Platform repository initialization has completed.
21:05:21 INFO  : Registering command handlers for Vitis TCF services
21:05:22 INFO  : Successfully done query RDI_DATADIR 
21:10:53 INFO  : Hardware specification for platform project 'Demo' is updated.
21:11:00 INFO  : Result from executing command 'getProjects': Demo
21:11:00 INFO  : Result from executing command 'getPlatforms': Demo|C:/Users/Admin/Desktop/open/Zynq7010_eink_controller/controller/Eink_controller_V1.0/Eink_controller_V1.0.vitis/Demo/export/Demo/Demo.xpfm
21:11:00 INFO  : Checking for BSP changes to sync application flags for project 'frame_buffer'...
21:31:18 INFO  : Launching XSCT server: xsct.bat -n  -interactive C:\Users\Admin\Desktop\open\Zynq7010_eink_controller\controller\Eink_controller_V1.0\Eink_controller_V1.0.vitis\temp_xsdb_launch_script.tcl
21:31:21 INFO  : XSCT server has started successfully.
21:31:21 INFO  : plnx-install-location is set to ''
21:31:21 INFO  : Successfully done setting XSCT server connection channel  
21:31:21 INFO  : Successfully done setting workspace for the tool. 
21:31:26 INFO  : Platform repository initialization has completed.
21:31:26 INFO  : Registering command handlers for Vitis TCF services
21:31:27 INFO  : Successfully done query RDI_DATADIR 
21:35:25 INFO  : Hardware specification for platform project 'Demo' is updated.
22:04:46 INFO  : Launching XSCT server: xsct.bat -n  -interactive C:\Users\Admin\Desktop\Zynq7010_eink_controller\controller\Eink_controller_V1.0\Eink_controller_V1.0.vitis\temp_xsdb_launch_script.tcl
22:04:49 INFO  : XSCT server has started successfully.
22:04:49 INFO  : plnx-install-location is set to ''
22:04:49 INFO  : Successfully done setting XSCT server connection channel  
22:04:49 INFO  : Successfully done setting workspace for the tool. 
22:04:55 INFO  : Registering command handlers for Vitis TCF services
22:04:55 INFO  : Platform repository initialization has completed.
22:04:56 INFO  : Successfully done query RDI_DATADIR 
